<?xml version="1.0" encoding="UTF-8"?>
<!-- Generated by org.testng.reporters.JUnitReportReporter -->
<testsuite hostname="DESKTOP-RKKU7KR" failures="0" tests="1" name="com.TestCases.LaunchBrowser" time="12.303" errors="0" timestamp="2024-04-07T15:10:04 IST" skipped="0">
  <testcase classname="com.TestCases.LaunchBrowser" name="LaunchAUT" time="12.303"/>
</testsuite> <!-- com.TestCases.LaunchBrowser -->
