<?xml version="1.0" encoding="UTF-8"?>
<!-- Generated by org.testng.reporters.JUnitReportReporter -->
<testsuite hostname="DESKTOP-RKKU7KR" failures="0" tests="4" name="com.TestCases.Demo" time="0.024" errors="0" timestamp="2024-04-07T15:10:04 IST" skipped="0">
  <testcase classname="com.TestCases.Demo" name="launch" time="0.004"/>
  <testcase classname="com.TestCases.Demo" name="click_on_logout" time="0.015"/>
  <testcase classname="com.TestCases.Demo" name="gettitle" time="0.003"/>
  <testcase classname="com.TestCases.Demo" name="sednddata" time="0.002"/>
</testsuite> <!-- com.TestCases.Demo -->
