<?xml version="1.0" encoding="UTF-8"?>
<!-- Generated by org.testng.reporters.JUnitReportReporter -->
<testsuite hostname="DESKTOP-RKKU7KR" failures="0" tests="3" name="com.TestCases.TestNgPractice" time="0.020" errors="0" timestamp="2024-04-07T15:10:04 IST" skipped="0">
  <testcase classname="com.TestCases.TestNgPractice" name="Logout" time="0.003"/>
  <testcase classname="com.TestCases.TestNgPractice" name="Login" time="0.010"/>
  <testcase classname="com.TestCases.TestNgPractice" name="Launch" time="0.007"/>
</testsuite> <!-- com.TestCases.TestNgPractice -->
