<?xml version="1.0" encoding="UTF-8"?>
<!-- Generated by org.testng.reporters.JUnitReportReporter -->
<testsuite hostname="DESKTOP-RKKU7KR" failures="0" tests="3" name="com.TestCases.TestCase001" time="0.064" errors="0" timestamp="2024-04-07T15:10:04 IST" skipped="0">
  <testcase classname="com.TestCases.TestCase001" name="Logout" time="0.022"/>
  <testcase classname="com.TestCases.TestCase001" name="Login" time="0.020"/>
  <testcase classname="com.TestCases.TestCase001" name="LaunchAut" time="0.022"/>
</testsuite> <!-- com.TestCases.TestCase001 -->
