<?xml version="1.0" encoding="UTF-8"?>
<!-- Generated by org.testng.reporters.JUnitReportReporter -->
<testsuite hostname="DESKTOP-RKKU7KR" failures="0" tests="2" name="com.crossBrowser.CrossBrowser" time="3.407" errors="0" timestamp="2024-04-08T10:38:00 IST" skipped="0">
  <testcase classname="com.crossBrowser.CrossBrowser" name="getTitle" time="0.495"/>
  <testcase classname="com.crossBrowser.CrossBrowser" name="getTitle" time="2.912"/>
</testsuite> <!-- com.crossBrowser.CrossBrowser -->
