<?xml version="1.0" encoding="UTF-8"?>
<!-- Generated by org.testng.reporters.JUnitReportReporter -->
<testsuite hostname="DESKTOP-RKKU7KR" failures="0" tests="3" name="com.TestCases.Meven1" time="0.011" errors="0" timestamp="2024-04-07T15:10:04 IST" skipped="0">
  <testcase classname="com.TestCases.Meven1" name="Logout" time="0.003"/>
  <testcase classname="com.TestCases.Meven1" name="Launch" time="0.007"/>
  <testcase classname="com.TestCases.Meven1" name="Login" time="0.001"/>
</testsuite> <!-- com.TestCases.Meven1 -->
